<?xml version="1.0" encoding="UTF-8"?>
<!-- Generated by org.testng.reporters.JUnitXMLReporter -->
<testsuite ignored="3" hostname="DESKTOP-U5UN98U" failures="0" tests="2" name="Test" time="0.108" errors="0" timestamp="2022-04-01T14:13:10 GMT-04:00">
  <testcase classname="testNG_XML_lStudy.MyClass" name="TC1" time="0.014"/>
  <testcase classname="testNG_XML_lStudy.MyClass" name="TC2" time="0.007"/>
  <testcase classname="testNG_XML_lStudy.MyClass" name="TC4" time="0.0">
    <ignored/>
  </testcase> <!-- TC4 -->
  <testcase classname="testNG_XML_lStudy.MyClass" name="TC5" time="0.0">
    <ignored/>
  </testcase> <!-- TC5 -->
  <testcase classname="testNG_XML_lStudy.MyClass" name="TC3" time="0.0">
    <ignored/>
  </testcase> <!-- TC3 -->
</testsuite> <!-- Test -->
