<?xml version="1.0" encoding="UTF-8"?>
<testng-results ignored="3" total="5" passed="2" failed="0" skipped="0">
  <reporter-output>
    <line>
      <![CDATA[Running TC1]]>
    </line>
    <line>
      <![CDATA[Running TC2]]>
    </line>
  </reporter-output>
  <suite started-at="2022-04-01T14:13:10 GMT-04:00" name="Suite" finished-at="2022-04-01T14:13:10 GMT-04:00" duration-ms="108">
    <groups>
    </groups>
    <test started-at="2022-04-01T14:13:10 GMT-04:00" name="Test" finished-at="2022-04-01T14:13:10 GMT-04:00" duration-ms="108">
      <class name="testNG_XML_lStudy.MyClass">
        <test-method signature="TC1()[pri:0, instance:testNG_XML_lStudy.MyClass@4f6ee6e4]" started-at="2022-04-01T14:13:10 GMT-04:00" name="TC1" finished-at="2022-04-01T14:13:10 GMT-04:00" duration-ms="14" status="PASS">
          <reporter-output>
            <line>
              <![CDATA[Running TC1]]>
            </line>
          </reporter-output>
        </test-method> <!-- TC1 -->
        <test-method signature="TC2()[pri:0, instance:testNG_XML_lStudy.MyClass@4f6ee6e4]" started-at="2022-04-01T14:13:10 GMT-04:00" name="TC2" finished-at="2022-04-01T14:13:10 GMT-04:00" duration-ms="7" status="PASS">
          <reporter-output>
            <line>
              <![CDATA[Running TC2]]>
            </line>
          </reporter-output>
        </test-method> <!-- TC2 -->
      </class> <!-- testNG_XML_lStudy.MyClass -->
    </test> <!-- Test -->
  </suite> <!-- Suite -->
</testng-results>
